---
driver=<class 'textual._linux_driver.LinuxDriver'>
Load() >>> KeyVaultBrowser(title='Textual')
Mount() >>> KeyVaultBrowser(title='ACR Browser')
set_focus SearchWidget(name='search', title='ðŸ” [grey82]search[/]', value='')
SearchWidget(name='search', title='ðŸ” [grey82]search[/]', value='') IS NOT RUNNING
Mount() >>> DockView(name='DockView#1')
Mount() >>> SearchWidget(name='search', title='ðŸ” [grey82]search[/]', value='')
Focus() >>> SearchWidget(name='search', title='ðŸ” [grey82]search[/]', value='')
Mount() >>> View(name='View#1')
Searchable nodes have been mapped
Mount() >>> RepositoriesWidget(name='RepositoriesWidget')
Mount() >>> TagsWidget(name='TagsWidget')
Mount() >>> SecretPropertiesWidget(name='SecretPropertiesWidget')
Searchable nodes have been mapped
set_focus TagsWidget(name='TagsWidget')
Blur() >>> SearchWidget(name='search', title='ðŸ” [grey82]search[/]', value='')
Focus() >>> TagsWidget(name='TagsWidget')
MouseDown(x=9, y=11, screen_x=46, screen_y=21, button=1) >>> TagsWidget(name='TagsWidget')
MouseUp(x=9, y=11, screen_x=46, screen_y=21, button=1) >>> TagsWidget(name='TagsWidget')
Click(x=9, y=11, screen_x=46, screen_y=21, button=1) >>> TagsWidget(name='TagsWidget')
Key(key='ctrl+c') >>> KeyVaultBrowser(title='ACR Browser')
ACTION KeyVaultBrowser(title='ACR Browser') quit
CLOSED KeyVaultBrowser(title='ACR Browser')
PROCESS END
