---
driver=<class 'textual._linux_driver.LinuxDriver'>
Load() >>> ACRBrowser(title='Textual')
Mount() >>> ACRBrowser(title='ACR Browser')
set_focus SearchWidget(name='search', title='ðŸ” [grey82]search[/]', value='')
SearchWidget(name='search', title='ðŸ” [grey82]search[/]', value='') IS NOT RUNNING
Mount() >>> DockView(name='DockView#1')
Mount() >>> SearchWidget(name='search', title='ðŸ” [grey82]search[/]', value='')
Focus() >>> SearchWidget(name='search', title='ðŸ” [grey82]search[/]', value='')
Mount() >>> View(name='View#1')
Searchable nodes have been mapped
Mount() >>> RepositoriesWidget(name='RepositoriesWidget')
Mount() >>> TagsWidget(name='TagsWidget')
Mount() >>> TagPropertiesWidget(name='TagPropertiesWidget')
Searchable nodes have been mapped
set_focus SearchWidget(name='search', title='ðŸ” [grey82]search[/]', value='')
MouseDown(x=34, y=1, screen_y=6, button=1) >>> SearchWidget(name='search', title='ðŸ” [grey82]search[/]', value='')
MouseUp(x=34, y=1, screen_y=6, button=1) >>> SearchWidget(name='search', title='ðŸ” [grey82]search[/]', value='')
Click(x=34, y=1, screen_y=6, button=1) >>> SearchWidget(name='search', title='ðŸ” [grey82]search[/]', value='')
Key(key='g') >>> SearchWidget(name='search', title='ðŸ” [grey82]search[/]', value='')
Key(key='g') >>> SearchWidget(name='search', title='ðŸ” [grey82]search[/]', value='')
InputOnChange(SearchWidget(name='search', title='ðŸ” [grey82]search[/]', value='g')) >>> SearchWidget(name='search', title='ðŸ” [grey82]search[/]', value='g')
Key(key='h') >>> SearchWidget(name='search', title='ðŸ” [grey82]search[/]', value='g')
Key(key='h') >>> SearchWidget(name='search', title='ðŸ” [grey82]search[/]', value='g')
InputOnChange(SearchWidget(name='search', title='ðŸ” [grey82]search[/]', value='gh')) >>> SearchWidget(name='search', title='ðŸ” [grey82]search[/]', value='gh')
Key(key='j') >>> SearchWidget(name='search', title='ðŸ” [grey82]search[/]', value='gh')
Key(key='j') >>> SearchWidget(name='search', title='ðŸ” [grey82]search[/]', value='gh')
InputOnChange(SearchWidget(name='search', title='ðŸ” [grey82]search[/]', value='ghj')) >>> SearchWidget(name='search', title='ðŸ” [grey82]search[/]', value='ghj')
Key(key='g') >>> SearchWidget(name='search', title='ðŸ” [grey82]search[/]', value='ghj')
Key(key='g') >>> SearchWidget(name='search', title='ðŸ” [grey82]search[/]', value='ghj')
InputOnChange(SearchWidget(name='search', title='ðŸ” [grey82]search[/]', value='ghjg')) >>> SearchWidget(name='search', title='ðŸ” [grey82]search[/]', value='ghjg')
Key(key='h') >>> SearchWidget(name='search', title='ðŸ” [grey82]search[/]', value='ghjg')
Key(key='h') >>> SearchWidget(name='search', title='ðŸ” [grey82]search[/]', value='ghjg')
InputOnChange(SearchWidget(name='search', title='ðŸ” [grey82]search[/]', value='ghjgh')) >>> SearchWidget(name='search', title='ðŸ” [grey82]search[/]', value='ghjgh')
Key(key='ctrl+h') >>> SearchWidget(name='search', title='ðŸ” [grey82]search[/]', value='ghjgh')
Key(key='ctrl+h') >>> SearchWidget(name='search', title='ðŸ” [grey82]search[/]', value='ghjgh')
InputOnChange(SearchWidget(name='search', title='ðŸ” [grey82]search[/]', value='ghjg')) >>> SearchWidget(name='search', title='ðŸ” [grey82]search[/]', value='ghjg')
Key(key='ctrl+h') >>> SearchWidget(name='search', title='ðŸ” [grey82]search[/]', value='ghjg')
Key(key='ctrl+h') >>> SearchWidget(name='search', title='ðŸ” [grey82]search[/]', value='ghjg')
InputOnChange(SearchWidget(name='search', title='ðŸ” [grey82]search[/]', value='ghj')) >>> SearchWidget(name='search', title='ðŸ” [grey82]search[/]', value='ghj')
Key(key='ctrl+h') >>> SearchWidget(name='search', title='ðŸ” [grey82]search[/]', value='ghj')
Key(key='ctrl+h') >>> SearchWidget(name='search', title='ðŸ” [grey82]search[/]', value='ghj')
InputOnChange(SearchWidget(name='search', title='ðŸ” [grey82]search[/]', value='gh')) >>> SearchWidget(name='search', title='ðŸ” [grey82]search[/]', value='gh')
Key(key='ctrl+h') >>> SearchWidget(name='search', title='ðŸ” [grey82]search[/]', value='gh')
Key(key='ctrl+h') >>> SearchWidget(name='search', title='ðŸ” [grey82]search[/]', value='gh')
InputOnChange(SearchWidget(name='search', title='ðŸ” [grey82]search[/]', value='g')) >>> SearchWidget(name='search', title='ðŸ” [grey82]search[/]', value='g')
Key(key='ctrl+h') >>> SearchWidget(name='search', title='ðŸ” [grey82]search[/]', value='g')
Key(key='ctrl+h') >>> SearchWidget(name='search', title='ðŸ” [grey82]search[/]', value='g')
InputOnChange(SearchWidget(name='search', title='ðŸ” [grey82]search[/]', value='')) >>> SearchWidget(name='search', title='ðŸ” [grey82]search[/]', value='')
Key(key='ctrl+h') >>> SearchWidget(name='search', title='ðŸ” [grey82]search[/]', value='')
Key(key='ctrl+h') >>> SearchWidget(name='search', title='ðŸ” [grey82]search[/]', value='')
InputOnChange(SearchWidget(name='search', title='ðŸ” [grey82]search[/]', value='')) >>> SearchWidget(name='search', title='ðŸ” [grey82]search[/]', value='')
Key(key='ctrl+h') >>> ACRBrowser(title='ACR Browser')
Key(key='ctrl+h') >>> SearchWidget(name='search', title='ðŸ” [grey82]search[/]', value='')
Key(key='ctrl+h') >>> SearchWidget(name='search', title='ðŸ” [grey82]search[/]', value='')
InputOnChange(SearchWidget(name='search', title='ðŸ” [grey82]search[/]', value='')) >>> SearchWidget(name='search', title='ðŸ” [grey82]search[/]', value='')
Key(key='ctrl+h') >>> ACRBrowser(title='ACR Browser')
Key(key='ctrl+h') >>> SearchWidget(name='search', title='ðŸ” [grey82]search[/]', value='')
Key(key='ctrl+h') >>> SearchWidget(name='search', title='ðŸ” [grey82]search[/]', value='')
InputOnChange(SearchWidget(name='search', title='ðŸ” [grey82]search[/]', value='')) >>> SearchWidget(name='search', title='ðŸ” [grey82]search[/]', value='')
Key(key='ctrl+h') >>> ACRBrowser(title='ACR Browser')
Key(key='ctrl+h') >>> SearchWidget(name='search', title='ðŸ” [grey82]search[/]', value='')
Key(key='ctrl+h') >>> SearchWidget(name='search', title='ðŸ” [grey82]search[/]', value='')
InputOnChange(SearchWidget(name='search', title='ðŸ” [grey82]search[/]', value='')) >>> SearchWidget(name='search', title='ðŸ” [grey82]search[/]', value='')
Key(key='ctrl+h') >>> ACRBrowser(title='ACR Browser')
Key(key='ctrl+h') >>> SearchWidget(name='search', title='ðŸ” [grey82]search[/]', value='')
Key(key='ctrl+h') >>> SearchWidget(name='search', title='ðŸ” [grey82]search[/]', value='')
InputOnChange(SearchWidget(name='search', title='ðŸ” [grey82]search[/]', value='')) >>> SearchWidget(name='search', title='ðŸ” [grey82]search[/]', value='')
Key(key='ctrl+h') >>> ACRBrowser(title='ACR Browser')
Key(key='ctrl+h') >>> SearchWidget(name='search', title='ðŸ” [grey82]search[/]', value='')
Key(key='ctrl+h') >>> SearchWidget(name='search', title='ðŸ” [grey82]search[/]', value='')
InputOnChange(SearchWidget(name='search', title='ðŸ” [grey82]search[/]', value='')) >>> SearchWidget(name='search', title='ðŸ” [grey82]search[/]', value='')
Key(key='ctrl+h') >>> ACRBrowser(title='ACR Browser')
Key(key='ctrl+h') >>> SearchWidget(name='search', title='ðŸ” [grey82]search[/]', value='')
Key(key='ctrl+h') >>> SearchWidget(name='search', title='ðŸ” [grey82]search[/]', value='')
InputOnChange(SearchWidget(name='search', title='ðŸ” [grey82]search[/]', value='')) >>> SearchWidget(name='search', title='ðŸ” [grey82]search[/]', value='')
Key(key='ctrl+h') >>> ACRBrowser(title='ACR Browser')
Key(key='ctrl+h') >>> SearchWidget(name='search', title='ðŸ” [grey82]search[/]', value='')
Key(key='ctrl+h') >>> SearchWidget(name='search', title='ðŸ” [grey82]search[/]', value='')
InputOnChange(SearchWidget(name='search', title='ðŸ” [grey82]search[/]', value='')) >>> SearchWidget(name='search', title='ðŸ” [grey82]search[/]', value='')
Key(key='ctrl+h') >>> ACRBrowser(title='ACR Browser')
Key(key='ctrl+h') >>> SearchWidget(name='search', title='ðŸ” [grey82]search[/]', value='')
Key(key='ctrl+h') >>> SearchWidget(name='search', title='ðŸ” [grey82]search[/]', value='')
Key(key='p') >>> SearchWidget(name='search', title='ðŸ” [grey82]search[/]', value='')
Key(key='p') >>> SearchWidget(name='search', title='ðŸ” [grey82]search[/]', value='')
InputOnChange(SearchWidget(name='search', title='ðŸ” [grey82]search[/]', value='p')) >>> SearchWidget(name='search', title='ðŸ” [grey82]search[/]', value='p')
InputOnChange(SearchWidget(name='search', title='ðŸ” [grey82]search[/]', value='p')) >>> SearchWidget(name='search', title='ðŸ” [grey82]search[/]', value='p')
Key(key='ctrl+h') >>> ACRBrowser(title='ACR Browser')
Key(key='a') >>> SearchWidget(name='search', title='ðŸ” [grey82]search[/]', value='p')
Key(key='a') >>> SearchWidget(name='search', title='ðŸ” [grey82]search[/]', value='p')
InputOnChange(SearchWidget(name='search', title='ðŸ” [grey82]search[/]', value='pa')) >>> SearchWidget(name='search', title='ðŸ” [grey82]search[/]', value='pa')
Key(key='enter') >>> SearchWidget(name='search', title='ðŸ” [grey82]search[/]', value='pa')
set_focus RepositoriesWidget(name='RepositoriesWidget')
Key(key='enter') >>> SearchWidget(name='search', title='ðŸ” [grey82]search[/]', value='pa')
Blur() >>> SearchWidget(name='search', title='ðŸ” [grey82]search[/]', value='pa')
InputOnChange(SearchWidget(name='search', title='ðŸ” [grey82]search[/]', value='pa')) >>> SearchWidget(name='search', title='ðŸ” [grey82]search[/]', value='pa')
Focus() >>> RepositoriesWidget(name='RepositoriesWidget')
Key(key='enter') >>> ACRBrowser(title='ACR Browser')
Key(key='down') >>> RepositoriesWidget(name='RepositoriesWidget')
Key(key='down') >>> ACRBrowser(title='ACR Browser')
Key(key='enter') >>> RepositoriesWidget(name='RepositoriesWidget')
set_focus TagsWidget(name='TagsWidget')
Key(key='enter') >>> ACRBrowser(title='ACR Browser')
Blur() >>> RepositoriesWidget(name='RepositoriesWidget')
Focus() >>> TagsWidget(name='TagsWidget')
Key(key='down') >>> TagsWidget(name='TagsWidget')
Key(key='down') >>> ACRBrowser(title='ACR Browser')
Key(key='enter') >>> TagsWidget(name='TagsWidget')
set_focus TagPropertiesWidget(name='TagPropertiesWidget')
Blur() >>> TagsWidget(name='TagsWidget')
Focus() >>> TagPropertiesWidget(name='TagPropertiesWidget')
Key(key='enter') >>> ACRBrowser(title='ACR Browser')
Key(key='down') >>> TagPropertiesWidget(name='TagPropertiesWidget')
Key(key='down') >>> ACRBrowser(title='ACR Browser')
Key(key='ctrl+c') >>> ACRBrowser(title='ACR Browser')
ACTION ACRBrowser(title='ACR Browser') quit
CLOSED ACRBrowser(title='ACR Browser')
PROCESS END
